#
# A fatal error has been detected by the Java Runtime Environment:
#
#  Internal Error (classFileParser.cpp:3161), pid=11617, tid=3063896944
#  Error: ShouldNotReachHere()
#
# JRE version: 6.0_22-b04
# Java VM: Java HotSpot(TM) Server VM (17.1-b03 mixed mode linux-x86 )
# If you would like to submit a bug report, please visit:
#   http://java.sun.com/webapps/bugreport/crash.jsp
#

---------------  T H R E A D  ---------------

Current thread (0x08db5400):  JavaThread "Unknown thread" [_thread_in_vm, id=11618, stack(0xb69a5000,0xb69f6000)]

Stack: [0xb69a5000,0xb69f6000],  sp=0xb69f4810,  free space=13eb69f6000k
Native frames: (J=compiled Java code, j=interpreted, Vv=VM code, C=native code)
V  [libjvm.so+0x6a92d2]
V  [libjvm.so+0x2b290f]
V  [libjvm.so+0x24d35a]
V  [libjvm.so+0x253371]
V  [libjvm.so+0x63be6f]
V  [libjvm.so+0x63a115]
V  [libjvm.so+0x638fd6]
V  [libjvm.so+0x638c80]
V  [libjvm.so+0x63d5fa]
V  [libjvm.so+0x63d68c]
V  [libjvm.so+0x63d750]
V  [libjvm.so+0x63d539]
V  [libjvm.so+0x682c6a]
V  [libjvm.so+0x6842ef]
V  [libjvm.so+0x36f8ac]
V  [libjvm.so+0x66d06d]
V  [libjvm.so+0x3c75c6]
C  [java+0x305c]
C  [java+0x1942]  JavaMain+0x72
C  [libpthread.so.0+0x5cc9]


---------------  P R O C E S S  ---------------

Java Threads: ( => current thread )

Other Threads:

=>0x08db5400 (exited) JavaThread "Unknown thread" [_thread_in_vm, id=11618, stack(0xb69a5000,0xb69f6000)]

VM state:not at safepoint (not fully initialized)

VM Mutex/Monitor currently owned by a thread: None

Dynamic libraries:
08048000-08052000 r-xp 00000000 08:06 712648     /usr/lib/jvm/java-6-sun-1.6.0.22/jre/bin/java
08052000-08053000 rwxp 00009000 08:06 712648     /usr/lib/jvm/java-6-sun-1.6.0.22/jre/bin/java
08daf000-08e19000 rwxp 00000000 00:00 0          [heap]
81872000-818bb000 r-xs 002cf000 08:06 468236     /home/tomche/android-sdk-linux_x86-1.6_r1/platforms/android-1.6/android.jar
818bb000-818bc000 ---p 00000000 00:00 0 
818bc000-8193c000 rwxp 00000000 00:00 0 
8193c000-8193d000 ---p 00000000 00:00 0 
8193d000-819c5000 rwxp 00000000 00:00 0 
819c5000-819dd000 rwxp 00000000 00:00 0 
819dd000-819ed000 rwxp 00000000 00:00 0 
819ed000-81ad1000 rwxp 00000000 00:00 0 
81ad1000-81ad9000 rwxp 00000000 00:00 0 
81ad9000-81af1000 rwxp 00000000 00:00 0 
81af1000-81b01000 rwxp 00000000 00:00 0 
81b01000-81be5000 rwxp 00000000 00:00 0 
81be5000-81bed000 rwxp 00000000 00:00 0 
81bed000-81c5f000 rwxp 00000000 00:00 0 
81c5f000-82c60000 rwxp 00000000 00:00 0 
82c60000-85c60000 rwxp 00000000 00:00 0 
85c60000-87ae0000 rwxp 00000000 00:00 0 
87ae0000-a4460000 rwxp 00000000 00:00 0 
a4460000-a5390000 rwxp 00000000 00:00 0 
a5390000-b3860000 rwxp 00000000 00:00 0 
b386c000-b3875000 rwxp 00000000 00:00 0 
b3875000-b392c000 rwxp 00000000 00:00 0 
b392c000-b3b6c000 rwxp 00000000 00:00 0 
b3b6c000-b692c000 rwxp 00000000 00:00 0 
b692c000-b6936000 r-xp 00000000 08:06 38878      /lib/libnss_files-2.12.1.so
b6936000-b6937000 r-xp 00009000 08:06 38878      /lib/libnss_files-2.12.1.so
b6937000-b6938000 rwxp 0000a000 08:06 38878      /lib/libnss_files-2.12.1.so
b6938000-b6941000 r-xp 00000000 08:06 38880      /lib/libnss_nis-2.12.1.so
b6941000-b6942000 r-xp 00008000 08:06 38880      /lib/libnss_nis-2.12.1.so
b6942000-b6943000 rwxp 00009000 08:06 38880      /lib/libnss_nis-2.12.1.so
b6943000-b6956000 r-xp 00000000 08:06 35175      /lib/libnsl-2.12.1.so
b6956000-b6957000 r-xp 00012000 08:06 35175      /lib/libnsl-2.12.1.so
b6957000-b6958000 rwxp 00013000 08:06 35175      /lib/libnsl-2.12.1.so
b6958000-b695a000 rwxp 00000000 00:00 0 
b695e000-b696d000 r-xp 00000000 08:06 712744     /usr/lib/jvm/java-6-sun-1.6.0.22/jre/lib/i386/libzip.so
b696d000-b696f000 rwxp 0000e000 08:06 712744     /usr/lib/jvm/java-6-sun-1.6.0.22/jre/lib/i386/libzip.so
b696f000-b6977000 rwxs 00000000 08:06 412488     /tmp/hsperfdata_tomche/11617
b6977000-b699a000 r-xp 00000000 08:06 712733     /usr/lib/jvm/java-6-sun-1.6.0.22/jre/lib/i386/libjava.so
b699a000-b699c000 rwxp 00023000 08:06 712733     /usr/lib/jvm/java-6-sun-1.6.0.22/jre/lib/i386/libjava.so
b699c000-b69a3000 r-xp 00000000 08:06 42028      /lib/librt-2.12.1.so
b69a3000-b69a4000 r-xp 00006000 08:06 42028      /lib/librt-2.12.1.so
b69a4000-b69a5000 rwxp 00007000 08:06 42028      /lib/librt-2.12.1.so
b69a5000-b69a8000 ---p 00000000 00:00 0 
b69a8000-b69f6000 rwxp 00000000 00:00 0 
b69f6000-b6a1a000 r-xp 00000000 08:06 27367      /lib/libm-2.12.1.so
b6a1a000-b6a1b000 r-xp 00023000 08:06 27367      /lib/libm-2.12.1.so
b6a1b000-b6a1c000 rwxp 00024000 08:06 27367      /lib/libm-2.12.1.so
b6a1c000-b7148000 r-xp 00000000 08:06 712724     /usr/lib/jvm/java-6-sun-1.6.0.22/jre/lib/i386/server/libjvm.so
b7148000-b719b000 rwxp 0072c000 08:06 712724     /usr/lib/jvm/java-6-sun-1.6.0.22/jre/lib/i386/server/libjvm.so
b719b000-b75bb000 rwxp 00000000 00:00 0 
b75bb000-b7712000 r-xp 00000000 08:06 20764      /lib/libc-2.12.1.so
b7712000-b7714000 r-xp 00157000 08:06 20764      /lib/libc-2.12.1.so
b7714000-b7715000 rwxp 00159000 08:06 20764      /lib/libc-2.12.1.so
b7715000-b7718000 rwxp 00000000 00:00 0 
b7718000-b771a000 r-xp 00000000 08:06 27296      /lib/libdl-2.12.1.so
b771a000-b771b000 r-xp 00001000 08:06 27296      /lib/libdl-2.12.1.so
b771b000-b771c000 rwxp 00002000 08:06 27296      /lib/libdl-2.12.1.so
b771c000-b7723000 r-xp 00000000 08:06 712739     /usr/lib/jvm/java-6-sun-1.6.0.22/jre/lib/i386/jli/libjli.so
b7723000-b7725000 rwxp 00006000 08:06 712739     /usr/lib/jvm/java-6-sun-1.6.0.22/jre/lib/i386/jli/libjli.so
b7725000-b7726000 rwxp 00000000 00:00 0 
b7726000-b773b000 r-xp 00000000 08:06 40646      /lib/libpthread-2.12.1.so
b773b000-b773c000 ---p 00015000 08:06 40646      /lib/libpthread-2.12.1.so
b773c000-b773d000 r-xp 00015000 08:06 40646      /lib/libpthread-2.12.1.so
b773d000-b773e000 rwxp 00016000 08:06 40646      /lib/libpthread-2.12.1.so
b773e000-b7740000 rwxp 00000000 00:00 0 
b7740000-b7746000 r-xp 00000000 08:06 35733      /lib/libnss_compat-2.12.1.so
b7746000-b7747000 r-xp 00006000 08:06 35733      /lib/libnss_compat-2.12.1.so
b7747000-b7748000 rwxp 00007000 08:06 35733      /lib/libnss_compat-2.12.1.so
b7748000-b774e000 r-xp 00000000 08:06 712723     /usr/lib/jvm/java-6-sun-1.6.0.22/jre/lib/i386/native_threads/libhpi.so
b774e000-b774f000 rwxp 00006000 08:06 712723     /usr/lib/jvm/java-6-sun-1.6.0.22/jre/lib/i386/native_threads/libhpi.so
b774f000-b7750000 rwxp 00000000 00:00 0 
b7750000-b7751000 r-xp 00000000 00:00 0 
b7751000-b775c000 r-xp 00000000 08:06 712732     /usr/lib/jvm/java-6-sun-1.6.0.22/jre/lib/i386/libverify.so
b775c000-b775d000 rwxp 0000b000 08:06 712732     /usr/lib/jvm/java-6-sun-1.6.0.22/jre/lib/i386/libverify.so
b775d000-b775f000 rwxp 00000000 00:00 0 
b775f000-b7760000 r-xp 00000000 00:00 0          [vdso]
b7760000-b777c000 r-xp 00000000 08:06 18647      /lib/ld-2.12.1.so
b777c000-b777d000 r-xp 0001b000 08:06 18647      /lib/ld-2.12.1.so
b777d000-b777e000 rwxp 0001c000 08:06 18647      /lib/ld-2.12.1.so
bfd1a000-bfd3b000 rwxp 00000000 00:00 0          [stack]

VM Arguments:
jvm_args: -Dfile.encoding=UTF-8 -Xbootclasspath:/home/tomche/android-sdk-linux_x86-1.6_r1/platforms/android-1.6/android.jar 
java_command: org.eclipse.jdt.internal.junit.runner.RemoteTestRunner -version 3 -port 34487 -testLoaderClass org.eclipse.jdt.internal.junit.runner.junit3.JUnit3TestLoader -loaderpluginname org.eclipse.jdt.junit.runtime -classNames com.at.math.MathTest
Launcher Type: SUN_STANDARD

Environment Variables:
PATH=/home/tomche/bin:/usr/local/sbin:/usr/local/bin:/usr/sbin:/usr/bin:/sbin:/bin:/usr/games
USERNAME=tomche
LD_LIBRARY_PATH=/usr/lib/jvm/java-6-sun-1.6.0.22/jre/lib/i386/server:/usr/lib/jvm/java-6-sun-1.6.0.22/jre/lib/i386:/usr/lib/jvm/java-6-sun-1.6.0.22/jre/../lib/i386:/usr/lib/jvm/java-6-sun-1.6.0.22/jre/lib/i386/client:/usr/lib/jvm/java-6-sun-1.6.0.22/jre/lib/i386:/usr/lib/xulrunner-devel-1.9.2.13:/usr/lib/xulrunner-devel-1.9.2.13
SHELL=/bin/bash
DISPLAY=:0.0

Signal Handlers:
SIGSEGV: [libjvm.so+0x6a9f20], sa_mask[0]=0x7ffbfeff, sa_flags=0x10000004
SIGBUS: [libjvm.so+0x6a9f20], sa_mask[0]=0x7ffbfeff, sa_flags=0x10000004
SIGFPE: [libjvm.so+0x5781e0], sa_mask[0]=0x7ffbfeff, sa_flags=0x10000004
SIGPIPE: [libjvm.so+0x5781e0], sa_mask[0]=0x7ffbfeff, sa_flags=0x10000004
SIGXFSZ: [libjvm.so+0x5781e0], sa_mask[0]=0x7ffbfeff, sa_flags=0x10000004
SIGILL: [libjvm.so+0x5781e0], sa_mask[0]=0x7ffbfeff, sa_flags=0x10000004
SIGUSR1: SIG_DFL, sa_mask[0]=0x00000000, sa_flags=0x00000000
SIGUSR2: [libjvm.so+0x57ae20], sa_mask[0]=0x00000004, sa_flags=0x10000004
SIGHUP: SIG_DFL, sa_mask[0]=0x00000000, sa_flags=0x00000000
SIGINT: SIG_DFL, sa_mask[0]=0x00000000, sa_flags=0x00000000
SIGTERM: SIG_DFL, sa_mask[0]=0x00000000, sa_flags=0x00000000
SIGQUIT: SIG_DFL, sa_mask[0]=0x00000000, sa_flags=0x00000000


---------------  S Y S T E M  ---------------

OS:squeeze/sid

uname:Linux 2.6.35-25-generic #44-Ubuntu SMP Fri Jan 21 17:40:48 UTC 2011 i686
libc:glibc 2.12.1 NPTL 2.12.1 
rlimit: STACK 8192k, CORE 0k, NPROC infinity, NOFILE 1024, AS infinity
load average:0.89 0.89 0.75

CPU:total 2 (2 cores per cpu, 1 threads per core) family 6 model 23 stepping 10, cmov, cx8, fxsr, mmx, sse, sse2, sse3, ssse3, sse4.1

Memory: 4k page, physical 2991264k(94068k free), swap 3900924k(3875396k free)

vm_info: Java HotSpot(TM) Server VM (17.1-b03) for linux-x86 JRE (1.6.0_22-b04), built on Sep 15 2010 01:02:09 by "java_re" with gcc 3.2.1-7a (J2SE release)

time: Wed Feb 16 16:33:15 2011
elapsed time: 0 seconds

